<?xml version="1.0" encoding="UTF-8" ?>
<testsuite tests="1" failures="1" name="com.acme.tests.AccountTest" time="0.273" errors="0" skipped="0">
  <properties>
[...]
</properties>
  <testcase classname="com.acme.tests.AccountTest" name="test" time="0.273">
    <failure message="Unable to get bean: Need to specify class name in environment or system property, or as an applet parameter, or in an application resource file:  java.naming.factory.initial" type="java.lang.AssertionError">java.lang.AssertionError: Unable to get bean: Need to specify class name in environment or system property, or as an applet parameter, or in an application resource file:  java.naming.factory.initial
	at org.junit.Assert.fail(Assert.java:88)
	at com.acme.tests.AbstractIntegrationTest.getBean(AbstractIntegrationTest.java:31)
	at com.acme.tests.AccountTest.test(AccountTest.java:28)
	at sun.reflect.NativeMethodAccessorImpl.invoke0(Native Method)
	at sun.reflect.NativeMethodAccessorImpl.invoke(NativeMethodAccessorImpl.java:62)
	at sun.reflect.DelegatingMethodAccessorImpl.invoke(DelegatingMethodAccessorImpl.java:43)
	at java.lang.reflect.Method.invoke(Method.java:497)
	at org.junit.runners.model.FrameworkMethod$1.runReflectiveCall(FrameworkMethod.java:50)
	at org.junit.internal.runners.model.ReflectiveCallable.run(ReflectiveCallable.java:12)
	at org.junit.runners.model.FrameworkMethod.invokeExplosively(FrameworkMethod.java:47)
	at org.junit.internal.runners.statements.InvokeMethod.evaluate(InvokeMethod.java:17)
	at org.junit.internal.runners.statements.RunBefores.evaluate(RunBefores.java:26)
	at org.junit.internal.runners.statements.RunAfters.evaluate(RunAfters.java:27)
	at org.junit.runners.ParentRunner.runLeaf(ParentRunner.java:325)
	at org.junit.runners.BlockJUnit4ClassRunner.runChild(BlockJUnit4ClassRunner.java:78)
	at org.junit.runners.BlockJUnit4ClassRunner.runChild(BlockJUnit4ClassRunner.java:57)
	at org.junit.runners.ParentRunner$3.run(ParentRunner.java:290)
	at org.junit.runners.ParentRunner$1.schedule(ParentRunner.java:71)
	at org.junit.runners.ParentRunner.runChildren(ParentRunner.java:288)
	at org.junit.runners.ParentRunner.access$000(ParentRunner.java:58)
	at org.junit.runners.ParentRunner$2.evaluate(ParentRunner.java:268)
	at org.junit.runners.ParentRunner.run(ParentRunner.java:363)
	at org.apache.maven.surefire.junit4.JUnit4Provider.execute(JUnit4Provider.java:252)
	at org.apache.maven.surefire.junit4.JUnit4Provider.executeTestSet(JUnit4Provider.java:141)
	at org.apache.maven.surefire.junit4.JUnit4Provider.invoke(JUnit4Provider.java:112)
	at sun.reflect.NativeMethodAccessorImpl.invoke0(Native Method)
	at sun.reflect.NativeMethodAccessorImpl.invoke(NativeMethodAccessorImpl.java:62)
	at sun.reflect.DelegatingMethodAccessorImpl.invoke(DelegatingMethodAccessorImpl.java:43)
	at java.lang.reflect.Method.invoke(Method.java:497)
	at org.apache.maven.surefire.util.ReflectionUtils.invokeMethodWithArray(ReflectionUtils.java:189)
	at org.apache.maven.surefire.booter.ProviderFactory$ProviderProxy.invoke(ProviderFactory.java:165)
	at org.apache.maven.surefire.booter.ProviderFactory.invokeProvider(ProviderFactory.java:85)
	at org.apache.maven.surefire.booter.ForkedBooter.runSuitesInProcess(ForkedBooter.java:115)
	at org.apache.maven.surefire.booter.ForkedBooter.main(ForkedBooter.java:75)
</failure>
    <system-out>test
</system-out>
    <system-err>Apr 12, 2017 11:21:33 AM org.xnio.Xnio &lt;clinit&gt;
INFO: XNIO version 3.3.6.Final-redhat-1
Apr 12, 2017 11:21:33 AM org.xnio.nio.NioXnio &lt;clinit&gt;
INFO: XNIO NIO Implementation Version 3.3.6.Final-redhat-1
Apr 12, 2017 11:21:33 AM org.jboss.remoting3.EndpointImpl &lt;clinit&gt;
INFO: JBoss Remoting version 4.0.18.Final-redhat-1
Apr 12, 2017 11:21:33 AM org.jboss.ejb.client.remoting.ConfigBasedEJBClientContextSelector setupEJBReceivers
WARN: Could not register a EJB receiver for connection to 127.0.0.1:8080
java.net.ConnectException: Connection refused
	at sun.nio.ch.SocketChannelImpl.checkConnect(Native Method)
	at sun.nio.ch.SocketChannelImpl.finishConnect(SocketChannelImpl.java:717)
	at org.xnio.nio.WorkerThread$ConnectHandle.handleReady(WorkerThread.java:319)
	at org.xnio.nio.WorkerThread.run(WorkerThread.java:559)
	at ...asynchronous invocation...(Unknown Source)
	at org.jboss.remoting3.EndpointImpl.doConnect(EndpointImpl.java:294)
	at org.jboss.remoting3.EndpointImpl.connect(EndpointImpl.java:416)
	at org.jboss.ejb.client.remoting.EndpointPool$PooledEndpoint.connect(EndpointPool.java:192)
	at org.jboss.ejb.client.remoting.NetworkUtil.connect(NetworkUtil.java:153)
	at org.jboss.ejb.client.remoting.NetworkUtil.connect(NetworkUtil.java:133)
	at org.jboss.ejb.client.remoting.ConnectionPool.getConnection(ConnectionPool.java:78)
	at org.jboss.ejb.client.remoting.RemotingConnectionManager.getConnection(RemotingConnectionManager.java:51)
	at org.jboss.ejb.client.remoting.ConfigBasedEJBClientContextSelector.setupEJBReceivers(ConfigBasedEJBClientContextSelector.java:161)
	at org.jboss.ejb.client.remoting.ConfigBasedEJBClientContextSelector.getCurrent(ConfigBasedEJBClientContextSelector.java:118)
	at org.jboss.ejb.client.remoting.ConfigBasedEJBClientContextSelector.getCurrent(ConfigBasedEJBClientContextSelector.java:47)
	at org.jboss.ejb.client.EJBClientContext.getCurrent(EJBClientContext.java:281)
	at com.acme.tests.JndiFixture.close(JndiFixture.java:98)
	at com.acme.tests.AbstractIntegrationTest.tearDown(AbstractIntegrationTest.java:24)
	at sun.reflect.NativeMethodAccessorImpl.invoke0(Native Method)
	at sun.reflect.NativeMethodAccessorImpl.invoke(NativeMethodAccessorImpl.java:62)
	at sun.reflect.DelegatingMethodAccessorImpl.invoke(DelegatingMethodAccessorImpl.java:43)
	at java.lang.reflect.Method.invoke(Method.java:497)
	at org.junit.runners.model.FrameworkMethod$1.runReflectiveCall(FrameworkMethod.java:50)
	at org.junit.internal.runners.model.ReflectiveCallable.run(ReflectiveCallable.java:12)
	at org.junit.runners.model.FrameworkMethod.invokeExplosively(FrameworkMethod.java:47)
	at org.junit.internal.runners.statements.RunAfters.evaluate(RunAfters.java:33)
	at org.junit.runners.ParentRunner.runLeaf(ParentRunner.java:325)
	at org.junit.runners.BlockJUnit4ClassRunner.runChild(BlockJUnit4ClassRunner.java:78)
	at org.junit.runners.BlockJUnit4ClassRunner.runChild(BlockJUnit4ClassRunner.java:57)
	at org.junit.runners.ParentRunner$3.run(ParentRunner.java:290)
	at org.junit.runners.ParentRunner$1.schedule(ParentRunner.java:71)
	at org.junit.runners.ParentRunner.runChildren(ParentRunner.java:288)
	at org.junit.runners.ParentRunner.access$000(ParentRunner.java:58)
	at org.junit.runners.ParentRunner$2.evaluate(ParentRunner.java:268)
	at org.junit.runners.ParentRunner.run(ParentRunner.java:363)
	at org.apache.maven.surefire.junit4.JUnit4Provider.execute(JUnit4Provider.java:252)
	at org.apache.maven.surefire.junit4.JUnit4Provider.executeTestSet(JUnit4Provider.java:141)
	at org.apache.maven.surefire.junit4.JUnit4Provider.invoke(JUnit4Provider.java:112)
	at sun.reflect.NativeMethodAccessorImpl.invoke0(Native Method)
	at sun.reflect.NativeMethodAccessorImpl.invoke(NativeMethodAccessorImpl.java:62)
	at sun.reflect.DelegatingMethodAccessorImpl.invoke(DelegatingMethodAccessorImpl.java:43)
	at java.lang.reflect.Method.invoke(Method.java:497)
	at org.apache.maven.surefire.util.ReflectionUtils.invokeMethodWithArray(ReflectionUtils.java:189)
	at org.apache.maven.surefire.booter.ProviderFactory$ProviderProxy.invoke(ProviderFactory.java:165)
	at org.apache.maven.surefire.booter.ProviderFactory.invokeProvider(ProviderFactory.java:85)
	at org.apache.maven.surefire.booter.ForkedBooter.runSuitesInProcess(ForkedBooter.java:115)
	at org.apache.maven.surefire.booter.ForkedBooter.main(ForkedBooter.java:75)

</system-err>
  </testcase>
</testsuite>